<?xml version="1.0" encoding="UTF-8"?>
<testsuite xmlns:xsi="http://www.w3.org/2001/XMLSchema-instance" xsi:noNamespaceSchemaLocation="https://maven.apache.org/surefire/maven-surefire-plugin/xsd/surefire-test-report-3.0.xsd" version="3.0" name="com.soeztrip.travelplanner.SoezTripApplicationTests" time="34.22" tests="1" errors="0" skipped="0" failures="0">
  <properties>
    <property name="java.specification.version" value="17"/>
    <property name="sun.jnu.encoding" value="UTF-8"/>
    <property name="java.class.path" value="/home/fedora/Studies/inżynierka/SOEZ/target/test-classes:/home/fedora/Studies/inżynierka/SOEZ/target/classes:/home/fedora/.m2/repository/org/springframework/boot/spring-boot-starter-data-jpa/3.1.3/spring-boot-starter-data-jpa-3.1.3.jar:/home/fedora/.m2/repository/org/springframework/boot/spring-boot-starter-aop/3.1.3/spring-boot-starter-aop-3.1.3.jar:/home/fedora/.m2/repository/org/aspectj/aspectjweaver/1.9.20/aspectjweaver-1.9.20.jar:/home/fedora/.m2/repository/org/springframework/boot/spring-boot-starter-jdbc/3.1.3/spring-boot-starter-jdbc-3.1.3.jar:/home/fedora/.m2/repository/com/zaxxer/HikariCP/5.0.1/HikariCP-5.0.1.jar:/home/fedora/.m2/repository/org/springframework/spring-jdbc/6.0.11/spring-jdbc-6.0.11.jar:/home/fedora/.m2/repository/org/hibernate/orm/hibernate-core/6.2.7.Final/hibernate-core-6.2.7.Final.jar:/home/fedora/.m2/repository/jakarta/persistence/jakarta.persistence-api/3.1.0/jakarta.persistence-api-3.1.0.jar:/home/fedora/.m2/repository/jakarta/transaction/jakarta.transaction-api/2.0.1/jakarta.transaction-api-2.0.1.jar:/home/fedora/.m2/repository/org/jboss/logging/jboss-logging/3.5.3.Final/jboss-logging-3.5.3.Final.jar:/home/fedora/.m2/repository/org/hibernate/common/hibernate-commons-annotations/6.0.6.Final/hibernate-commons-annotations-6.0.6.Final.jar:/home/fedora/.m2/repository/io/smallrye/jandex/3.0.5/jandex-3.0.5.jar:/home/fedora/.m2/repository/com/fasterxml/classmate/1.5.1/classmate-1.5.1.jar:/home/fedora/.m2/repository/net/bytebuddy/byte-buddy/1.14.6/byte-buddy-1.14.6.jar:/home/fedora/.m2/repository/org/glassfish/jaxb/jaxb-runtime/4.0.3/jaxb-runtime-4.0.3.jar:/home/fedora/.m2/repository/org/glassfish/jaxb/jaxb-core/4.0.3/jaxb-core-4.0.3.jar:/home/fedora/.m2/repository/org/eclipse/angus/angus-activation/2.0.1/angus-activation-2.0.1.jar:/home/fedora/.m2/repository/org/glassfish/jaxb/txw2/4.0.3/txw2-4.0.3.jar:/home/fedora/.m2/repository/com/sun/istack/istack-commons-runtime/4.1.2/istack-commons-runtime-4.1.2.jar:/home/fedora/.m2/repository/jakarta/inject/jakarta.inject-api/2.0.1/jakarta.inject-api-2.0.1.jar:/home/fedora/.m2/repository/org/antlr/antlr4-runtime/4.10.1/antlr4-runtime-4.10.1.jar:/home/fedora/.m2/repository/org/springframework/data/spring-data-jpa/3.1.3/spring-data-jpa-3.1.3.jar:/home/fedora/.m2/repository/org/springframework/data/spring-data-commons/3.1.3/spring-data-commons-3.1.3.jar:/home/fedora/.m2/repository/org/springframework/spring-orm/6.0.11/spring-orm-6.0.11.jar:/home/fedora/.m2/repository/org/springframework/spring-tx/6.0.11/spring-tx-6.0.11.jar:/home/fedora/.m2/repository/jakarta/annotation/jakarta.annotation-api/2.1.1/jakarta.annotation-api-2.1.1.jar:/home/fedora/.m2/repository/org/slf4j/slf4j-api/2.0.7/slf4j-api-2.0.7.jar:/home/fedora/.m2/repository/org/springframework/spring-aspects/6.0.11/spring-aspects-6.0.11.jar:/home/fedora/.m2/repository/io/jsonwebtoken/jjwt-api/0.11.5/jjwt-api-0.11.5.jar:/home/fedora/.m2/repository/io/jsonwebtoken/jjwt-impl/0.11.5/jjwt-impl-0.11.5.jar:/home/fedora/.m2/repository/io/jsonwebtoken/jjwt-jackson/0.11.5/jjwt-jackson-0.11.5.jar:/home/fedora/.m2/repository/com/fasterxml/jackson/core/jackson-databind/2.15.2/jackson-databind-2.15.2.jar:/home/fedora/.m2/repository/com/fasterxml/jackson/core/jackson-annotations/2.15.2/jackson-annotations-2.15.2.jar:/home/fedora/.m2/repository/com/fasterxml/jackson/core/jackson-core/2.15.2/jackson-core-2.15.2.jar:/home/fedora/.m2/repository/org/springframework/boot/spring-boot-configuration-processor/3.1.3/spring-boot-configuration-processor-3.1.3.jar:/home/fedora/.m2/repository/com/google/code/gson/gson/2.10.1/gson-2.10.1.jar:/home/fedora/.m2/repository/org/apache/httpcomponents/httpclient/4.5.14/httpclient-4.5.14.jar:/home/fedora/.m2/repository/org/apache/httpcomponents/httpcore/4.4.16/httpcore-4.4.16.jar:/home/fedora/.m2/repository/commons-logging/commons-logging/1.2/commons-logging-1.2.jar:/home/fedora/.m2/repository/commons-codec/commons-codec/1.15/commons-codec-1.15.jar:/home/fedora/.m2/repository/org/springframework/boot/spring-boot-starter-thymeleaf/3.1.3/spring-boot-starter-thymeleaf-3.1.3.jar:/home/fedora/.m2/repository/org/springframework/boot/spring-boot-starter/3.1.3/spring-boot-starter-3.1.3.jar:/home/fedora/.m2/repository/org/springframework/boot/spring-boot/3.1.3/spring-boot-3.1.3.jar:/home/fedora/.m2/repository/org/springframework/boot/spring-boot-autoconfigure/3.1.3/spring-boot-autoconfigure-3.1.3.jar:/home/fedora/.m2/repository/org/springframework/boot/spring-boot-starter-logging/3.1.3/spring-boot-starter-logging-3.1.3.jar:/home/fedora/.m2/repository/ch/qos/logback/logback-classic/1.4.11/logback-classic-1.4.11.jar:/home/fedora/.m2/repository/ch/qos/logback/logback-core/1.4.11/logback-core-1.4.11.jar:/home/fedora/.m2/repository/org/apache/logging/log4j/log4j-to-slf4j/2.20.0/log4j-to-slf4j-2.20.0.jar:/home/fedora/.m2/repository/org/apache/logging/log4j/log4j-api/2.20.0/log4j-api-2.20.0.jar:/home/fedora/.m2/repository/org/slf4j/jul-to-slf4j/2.0.7/jul-to-slf4j-2.0.7.jar:/home/fedora/.m2/repository/org/yaml/snakeyaml/1.33/snakeyaml-1.33.jar:/home/fedora/.m2/repository/org/thymeleaf/thymeleaf-spring6/3.1.2.RELEASE/thymeleaf-spring6-3.1.2.RELEASE.jar:/home/fedora/.m2/repository/org/thymeleaf/thymeleaf/3.1.2.RELEASE/thymeleaf-3.1.2.RELEASE.jar:/home/fedora/.m2/repository/org/attoparser/attoparser/2.0.7.RELEASE/attoparser-2.0.7.RELEASE.jar:/home/fedora/.m2/repository/org/unbescape/unbescape/1.1.6.RELEASE/unbescape-1.1.6.RELEASE.jar:/home/fedora/.m2/repository/org/springframework/boot/spring-boot-starter-validation/3.1.3/spring-boot-starter-validation-3.1.3.jar:/home/fedora/.m2/repository/org/apache/tomcat/embed/tomcat-embed-el/10.1.12/tomcat-embed-el-10.1.12.jar:/home/fedora/.m2/repository/org/hibernate/validator/hibernate-validator/8.0.1.Final/hibernate-validator-8.0.1.Final.jar:/home/fedora/.m2/repository/jakarta/validation/jakarta.validation-api/3.0.2/jakarta.validation-api-3.0.2.jar:/home/fedora/.m2/repository/org/springframework/boot/spring-boot-starter-web/3.1.3/spring-boot-starter-web-3.1.3.jar:/home/fedora/.m2/repository/org/springframework/boot/spring-boot-starter-json/3.1.3/spring-boot-starter-json-3.1.3.jar:/home/fedora/.m2/repository/com/fasterxml/jackson/datatype/jackson-datatype-jdk8/2.15.2/jackson-datatype-jdk8-2.15.2.jar:/home/fedora/.m2/repository/com/fasterxml/jackson/datatype/jackson-datatype-jsr310/2.15.2/jackson-datatype-jsr310-2.15.2.jar:/home/fedora/.m2/repository/com/fasterxml/jackson/module/jackson-module-parameter-names/2.15.2/jackson-module-parameter-names-2.15.2.jar:/home/fedora/.m2/repository/org/springframework/boot/spring-boot-starter-tomcat/3.1.3/spring-boot-starter-tomcat-3.1.3.jar:/home/fedora/.m2/repository/org/apache/tomcat/embed/tomcat-embed-core/10.1.12/tomcat-embed-core-10.1.12.jar:/home/fedora/.m2/repository/org/apache/tomcat/embed/tomcat-embed-websocket/10.1.12/tomcat-embed-websocket-10.1.12.jar:/home/fedora/.m2/repository/org/springframework/spring-web/6.0.11/spring-web-6.0.11.jar:/home/fedora/.m2/repository/io/micrometer/micrometer-observation/1.11.3/micrometer-observation-1.11.3.jar:/home/fedora/.m2/repository/io/micrometer/micrometer-commons/1.11.3/micrometer-commons-1.11.3.jar:/home/fedora/.m2/repository/org/springframework/spring-webmvc/6.0.11/spring-webmvc-6.0.11.jar:/home/fedora/.m2/repository/org/springframework/spring-expression/6.0.11/spring-expression-6.0.11.jar:/home/fedora/.m2/repository/org/projectlombok/lombok/1.18.28/lombok-1.18.28.jar:/home/fedora/.m2/repository/org/postgresql/postgresql/42.6.0/postgresql-42.6.0.jar:/home/fedora/.m2/repository/org/checkerframework/checker-qual/3.31.0/checker-qual-3.31.0.jar:/home/fedora/.m2/repository/org/springframework/boot/spring-boot-starter-security/3.1.3/spring-boot-starter-security-3.1.3.jar:/home/fedora/.m2/repository/org/springframework/spring-aop/6.0.11/spring-aop-6.0.11.jar:/home/fedora/.m2/repository/org/springframework/security/spring-security-config/6.1.3/spring-security-config-6.1.3.jar:/home/fedora/.m2/repository/org/springframework/security/spring-security-core/6.1.3/spring-security-core-6.1.3.jar:/home/fedora/.m2/repository/org/springframework/security/spring-security-crypto/6.1.3/spring-security-crypto-6.1.3.jar:/home/fedora/.m2/repository/org/springframework/security/spring-security-web/6.1.3/spring-security-web-6.1.3.jar:/home/fedora/.m2/repository/org/springframework/boot/spring-boot-starter-test/3.1.3/spring-boot-starter-test-3.1.3.jar:/home/fedora/.m2/repository/org/springframework/boot/spring-boot-test/3.1.3/spring-boot-test-3.1.3.jar:/home/fedora/.m2/repository/org/springframework/boot/spring-boot-test-autoconfigure/3.1.3/spring-boot-test-autoconfigure-3.1.3.jar:/home/fedora/.m2/repository/com/jayway/jsonpath/json-path/2.8.0/json-path-2.8.0.jar:/home/fedora/.m2/repository/jakarta/xml/bind/jakarta.xml.bind-api/4.0.0/jakarta.xml.bind-api-4.0.0.jar:/home/fedora/.m2/repository/jakarta/activation/jakarta.activation-api/2.1.2/jakarta.activation-api-2.1.2.jar:/home/fedora/.m2/repository/net/minidev/json-smart/2.4.11/json-smart-2.4.11.jar:/home/fedora/.m2/repository/net/minidev/accessors-smart/2.4.11/accessors-smart-2.4.11.jar:/home/fedora/.m2/repository/org/ow2/asm/asm/9.3/asm-9.3.jar:/home/fedora/.m2/repository/org/assertj/assertj-core/3.24.2/assertj-core-3.24.2.jar:/home/fedora/.m2/repository/org/hamcrest/hamcrest/2.2/hamcrest-2.2.jar:/home/fedora/.m2/repository/org/junit/jupiter/junit-jupiter/5.9.3/junit-jupiter-5.9.3.jar:/home/fedora/.m2/repository/org/junit/jupiter/junit-jupiter-api/5.9.3/junit-jupiter-api-5.9.3.jar:/home/fedora/.m2/repository/org/opentest4j/opentest4j/1.2.0/opentest4j-1.2.0.jar:/home/fedora/.m2/repository/org/junit/platform/junit-platform-commons/1.9.3/junit-platform-commons-1.9.3.jar:/home/fedora/.m2/repository/org/apiguardian/apiguardian-api/1.1.2/apiguardian-api-1.1.2.jar:/home/fedora/.m2/repository/org/junit/jupiter/junit-jupiter-params/5.9.3/junit-jupiter-params-5.9.3.jar:/home/fedora/.m2/repository/org/junit/jupiter/junit-jupiter-engine/5.9.3/junit-jupiter-engine-5.9.3.jar:/home/fedora/.m2/repository/org/junit/platform/junit-platform-engine/1.9.3/junit-platform-engine-1.9.3.jar:/home/fedora/.m2/repository/org/mockito/mockito-core/5.3.1/mockito-core-5.3.1.jar:/home/fedora/.m2/repository/net/bytebuddy/byte-buddy-agent/1.14.6/byte-buddy-agent-1.14.6.jar:/home/fedora/.m2/repository/org/objenesis/objenesis/3.3/objenesis-3.3.jar:/home/fedora/.m2/repository/org/mockito/mockito-junit-jupiter/5.3.1/mockito-junit-jupiter-5.3.1.jar:/home/fedora/.m2/repository/org/skyscreamer/jsonassert/1.5.1/jsonassert-1.5.1.jar:/home/fedora/.m2/repository/com/vaadin/external/google/android-json/0.0.20131108.vaadin1/android-json-0.0.20131108.vaadin1.jar:/home/fedora/.m2/repository/org/springframework/spring-core/6.0.11/spring-core-6.0.11.jar:/home/fedora/.m2/repository/org/springframework/spring-jcl/6.0.11/spring-jcl-6.0.11.jar:/home/fedora/.m2/repository/org/springframework/spring-test/6.0.11/spring-test-6.0.11.jar:/home/fedora/.m2/repository/org/xmlunit/xmlunit-core/2.9.1/xmlunit-core-2.9.1.jar:/home/fedora/.m2/repository/org/springframework/spring-messaging/6.0.11/spring-messaging-6.0.11.jar:/home/fedora/.m2/repository/org/springframework/spring-beans/6.0.11/spring-beans-6.0.11.jar:/home/fedora/.m2/repository/org/springframework/spring-websocket/6.0.11/spring-websocket-6.0.11.jar:/home/fedora/.m2/repository/org/springframework/spring-context/6.0.11/spring-context-6.0.11.jar:"/>
    <property name="java.vm.vendor" value="Amazon.com Inc."/>
    <property name="sun.arch.data.model" value="64"/>
    <property name="java.vendor.url" value="https://aws.amazon.com/corretto/"/>
    <property name="user.timezone" value="Europe/Warsaw"/>
    <property name="org.jboss.logging.provider" value="slf4j"/>
    <property name="os.name" value="Linux"/>
    <property name="java.vm.specification.version" value="17"/>
    <property name="sun.java.launcher" value="SUN_STANDARD"/>
    <property name="user.country" value="US"/>
    <property name="sun.boot.library.path" value="/home/fedora/.jdks/corretto-17.0.7/lib"/>
    <property name="sun.java.command" value="/home/fedora/Studies/inżynierka/SOEZ/target/surefire/surefirebooter-20240702160426736_3.jar /home/fedora/Studies/inżynierka/SOEZ/target/surefire 2024-07-02T16-04-26_160-jvmRun1 surefire-20240702160426736_1tmp surefire_0-20240702160426736_2tmp"/>
    <property name="jdk.debug" value="release"/>
    <property name="surefire.test.class.path" value="/home/fedora/Studies/inżynierka/SOEZ/target/test-classes:/home/fedora/Studies/inżynierka/SOEZ/target/classes:/home/fedora/.m2/repository/org/springframework/boot/spring-boot-starter-data-jpa/3.1.3/spring-boot-starter-data-jpa-3.1.3.jar:/home/fedora/.m2/repository/org/springframework/boot/spring-boot-starter-aop/3.1.3/spring-boot-starter-aop-3.1.3.jar:/home/fedora/.m2/repository/org/aspectj/aspectjweaver/1.9.20/aspectjweaver-1.9.20.jar:/home/fedora/.m2/repository/org/springframework/boot/spring-boot-starter-jdbc/3.1.3/spring-boot-starter-jdbc-3.1.3.jar:/home/fedora/.m2/repository/com/zaxxer/HikariCP/5.0.1/HikariCP-5.0.1.jar:/home/fedora/.m2/repository/org/springframework/spring-jdbc/6.0.11/spring-jdbc-6.0.11.jar:/home/fedora/.m2/repository/org/hibernate/orm/hibernate-core/6.2.7.Final/hibernate-core-6.2.7.Final.jar:/home/fedora/.m2/repository/jakarta/persistence/jakarta.persistence-api/3.1.0/jakarta.persistence-api-3.1.0.jar:/home/fedora/.m2/repository/jakarta/transaction/jakarta.transaction-api/2.0.1/jakarta.transaction-api-2.0.1.jar:/home/fedora/.m2/repository/org/jboss/logging/jboss-logging/3.5.3.Final/jboss-logging-3.5.3.Final.jar:/home/fedora/.m2/repository/org/hibernate/common/hibernate-commons-annotations/6.0.6.Final/hibernate-commons-annotations-6.0.6.Final.jar:/home/fedora/.m2/repository/io/smallrye/jandex/3.0.5/jandex-3.0.5.jar:/home/fedora/.m2/repository/com/fasterxml/classmate/1.5.1/classmate-1.5.1.jar:/home/fedora/.m2/repository/net/bytebuddy/byte-buddy/1.14.6/byte-buddy-1.14.6.jar:/home/fedora/.m2/repository/org/glassfish/jaxb/jaxb-runtime/4.0.3/jaxb-runtime-4.0.3.jar:/home/fedora/.m2/repository/org/glassfish/jaxb/jaxb-core/4.0.3/jaxb-core-4.0.3.jar:/home/fedora/.m2/repository/org/eclipse/angus/angus-activation/2.0.1/angus-activation-2.0.1.jar:/home/fedora/.m2/repository/org/glassfish/jaxb/txw2/4.0.3/txw2-4.0.3.jar:/home/fedora/.m2/repository/com/sun/istack/istack-commons-runtime/4.1.2/istack-commons-runtime-4.1.2.jar:/home/fedora/.m2/repository/jakarta/inject/jakarta.inject-api/2.0.1/jakarta.inject-api-2.0.1.jar:/home/fedora/.m2/repository/org/antlr/antlr4-runtime/4.10.1/antlr4-runtime-4.10.1.jar:/home/fedora/.m2/repository/org/springframework/data/spring-data-jpa/3.1.3/spring-data-jpa-3.1.3.jar:/home/fedora/.m2/repository/org/springframework/data/spring-data-commons/3.1.3/spring-data-commons-3.1.3.jar:/home/fedora/.m2/repository/org/springframework/spring-orm/6.0.11/spring-orm-6.0.11.jar:/home/fedora/.m2/repository/org/springframework/spring-tx/6.0.11/spring-tx-6.0.11.jar:/home/fedora/.m2/repository/jakarta/annotation/jakarta.annotation-api/2.1.1/jakarta.annotation-api-2.1.1.jar:/home/fedora/.m2/repository/org/slf4j/slf4j-api/2.0.7/slf4j-api-2.0.7.jar:/home/fedora/.m2/repository/org/springframework/spring-aspects/6.0.11/spring-aspects-6.0.11.jar:/home/fedora/.m2/repository/io/jsonwebtoken/jjwt-api/0.11.5/jjwt-api-0.11.5.jar:/home/fedora/.m2/repository/io/jsonwebtoken/jjwt-impl/0.11.5/jjwt-impl-0.11.5.jar:/home/fedora/.m2/repository/io/jsonwebtoken/jjwt-jackson/0.11.5/jjwt-jackson-0.11.5.jar:/home/fedora/.m2/repository/com/fasterxml/jackson/core/jackson-databind/2.15.2/jackson-databind-2.15.2.jar:/home/fedora/.m2/repository/com/fasterxml/jackson/core/jackson-annotations/2.15.2/jackson-annotations-2.15.2.jar:/home/fedora/.m2/repository/com/fasterxml/jackson/core/jackson-core/2.15.2/jackson-core-2.15.2.jar:/home/fedora/.m2/repository/org/springframework/boot/spring-boot-configuration-processor/3.1.3/spring-boot-configuration-processor-3.1.3.jar:/home/fedora/.m2/repository/com/google/code/gson/gson/2.10.1/gson-2.10.1.jar:/home/fedora/.m2/repository/org/apache/httpcomponents/httpclient/4.5.14/httpclient-4.5.14.jar:/home/fedora/.m2/repository/org/apache/httpcomponents/httpcore/4.4.16/httpcore-4.4.16.jar:/home/fedora/.m2/repository/commons-logging/commons-logging/1.2/commons-logging-1.2.jar:/home/fedora/.m2/repository/commons-codec/commons-codec/1.15/commons-codec-1.15.jar:/home/fedora/.m2/repository/org/springframework/boot/spring-boot-starter-thymeleaf/3.1.3/spring-boot-starter-thymeleaf-3.1.3.jar:/home/fedora/.m2/repository/org/springframework/boot/spring-boot-starter/3.1.3/spring-boot-starter-3.1.3.jar:/home/fedora/.m2/repository/org/springframework/boot/spring-boot/3.1.3/spring-boot-3.1.3.jar:/home/fedora/.m2/repository/org/springframework/boot/spring-boot-autoconfigure/3.1.3/spring-boot-autoconfigure-3.1.3.jar:/home/fedora/.m2/repository/org/springframework/boot/spring-boot-starter-logging/3.1.3/spring-boot-starter-logging-3.1.3.jar:/home/fedora/.m2/repository/ch/qos/logback/logback-classic/1.4.11/logback-classic-1.4.11.jar:/home/fedora/.m2/repository/ch/qos/logback/logback-core/1.4.11/logback-core-1.4.11.jar:/home/fedora/.m2/repository/org/apache/logging/log4j/log4j-to-slf4j/2.20.0/log4j-to-slf4j-2.20.0.jar:/home/fedora/.m2/repository/org/apache/logging/log4j/log4j-api/2.20.0/log4j-api-2.20.0.jar:/home/fedora/.m2/repository/org/slf4j/jul-to-slf4j/2.0.7/jul-to-slf4j-2.0.7.jar:/home/fedora/.m2/repository/org/yaml/snakeyaml/1.33/snakeyaml-1.33.jar:/home/fedora/.m2/repository/org/thymeleaf/thymeleaf-spring6/3.1.2.RELEASE/thymeleaf-spring6-3.1.2.RELEASE.jar:/home/fedora/.m2/repository/org/thymeleaf/thymeleaf/3.1.2.RELEASE/thymeleaf-3.1.2.RELEASE.jar:/home/fedora/.m2/repository/org/attoparser/attoparser/2.0.7.RELEASE/attoparser-2.0.7.RELEASE.jar:/home/fedora/.m2/repository/org/unbescape/unbescape/1.1.6.RELEASE/unbescape-1.1.6.RELEASE.jar:/home/fedora/.m2/repository/org/springframework/boot/spring-boot-starter-validation/3.1.3/spring-boot-starter-validation-3.1.3.jar:/home/fedora/.m2/repository/org/apache/tomcat/embed/tomcat-embed-el/10.1.12/tomcat-embed-el-10.1.12.jar:/home/fedora/.m2/repository/org/hibernate/validator/hibernate-validator/8.0.1.Final/hibernate-validator-8.0.1.Final.jar:/home/fedora/.m2/repository/jakarta/validation/jakarta.validation-api/3.0.2/jakarta.validation-api-3.0.2.jar:/home/fedora/.m2/repository/org/springframework/boot/spring-boot-starter-web/3.1.3/spring-boot-starter-web-3.1.3.jar:/home/fedora/.m2/repository/org/springframework/boot/spring-boot-starter-json/3.1.3/spring-boot-starter-json-3.1.3.jar:/home/fedora/.m2/repository/com/fasterxml/jackson/datatype/jackson-datatype-jdk8/2.15.2/jackson-datatype-jdk8-2.15.2.jar:/home/fedora/.m2/repository/com/fasterxml/jackson/datatype/jackson-datatype-jsr310/2.15.2/jackson-datatype-jsr310-2.15.2.jar:/home/fedora/.m2/repository/com/fasterxml/jackson/module/jackson-module-parameter-names/2.15.2/jackson-module-parameter-names-2.15.2.jar:/home/fedora/.m2/repository/org/springframework/boot/spring-boot-starter-tomcat/3.1.3/spring-boot-starter-tomcat-3.1.3.jar:/home/fedora/.m2/repository/org/apache/tomcat/embed/tomcat-embed-core/10.1.12/tomcat-embed-core-10.1.12.jar:/home/fedora/.m2/repository/org/apache/tomcat/embed/tomcat-embed-websocket/10.1.12/tomcat-embed-websocket-10.1.12.jar:/home/fedora/.m2/repository/org/springframework/spring-web/6.0.11/spring-web-6.0.11.jar:/home/fedora/.m2/repository/io/micrometer/micrometer-observation/1.11.3/micrometer-observation-1.11.3.jar:/home/fedora/.m2/repository/io/micrometer/micrometer-commons/1.11.3/micrometer-commons-1.11.3.jar:/home/fedora/.m2/repository/org/springframework/spring-webmvc/6.0.11/spring-webmvc-6.0.11.jar:/home/fedora/.m2/repository/org/springframework/spring-expression/6.0.11/spring-expression-6.0.11.jar:/home/fedora/.m2/repository/org/projectlombok/lombok/1.18.28/lombok-1.18.28.jar:/home/fedora/.m2/repository/org/postgresql/postgresql/42.6.0/postgresql-42.6.0.jar:/home/fedora/.m2/repository/org/checkerframework/checker-qual/3.31.0/checker-qual-3.31.0.jar:/home/fedora/.m2/repository/org/springframework/boot/spring-boot-starter-security/3.1.3/spring-boot-starter-security-3.1.3.jar:/home/fedora/.m2/repository/org/springframework/spring-aop/6.0.11/spring-aop-6.0.11.jar:/home/fedora/.m2/repository/org/springframework/security/spring-security-config/6.1.3/spring-security-config-6.1.3.jar:/home/fedora/.m2/repository/org/springframework/security/spring-security-core/6.1.3/spring-security-core-6.1.3.jar:/home/fedora/.m2/repository/org/springframework/security/spring-security-crypto/6.1.3/spring-security-crypto-6.1.3.jar:/home/fedora/.m2/repository/org/springframework/security/spring-security-web/6.1.3/spring-security-web-6.1.3.jar:/home/fedora/.m2/repository/org/springframework/boot/spring-boot-starter-test/3.1.3/spring-boot-starter-test-3.1.3.jar:/home/fedora/.m2/repository/org/springframework/boot/spring-boot-test/3.1.3/spring-boot-test-3.1.3.jar:/home/fedora/.m2/repository/org/springframework/boot/spring-boot-test-autoconfigure/3.1.3/spring-boot-test-autoconfigure-3.1.3.jar:/home/fedora/.m2/repository/com/jayway/jsonpath/json-path/2.8.0/json-path-2.8.0.jar:/home/fedora/.m2/repository/jakarta/xml/bind/jakarta.xml.bind-api/4.0.0/jakarta.xml.bind-api-4.0.0.jar:/home/fedora/.m2/repository/jakarta/activation/jakarta.activation-api/2.1.2/jakarta.activation-api-2.1.2.jar:/home/fedora/.m2/repository/net/minidev/json-smart/2.4.11/json-smart-2.4.11.jar:/home/fedora/.m2/repository/net/minidev/accessors-smart/2.4.11/accessors-smart-2.4.11.jar:/home/fedora/.m2/repository/org/ow2/asm/asm/9.3/asm-9.3.jar:/home/fedora/.m2/repository/org/assertj/assertj-core/3.24.2/assertj-core-3.24.2.jar:/home/fedora/.m2/repository/org/hamcrest/hamcrest/2.2/hamcrest-2.2.jar:/home/fedora/.m2/repository/org/junit/jupiter/junit-jupiter/5.9.3/junit-jupiter-5.9.3.jar:/home/fedora/.m2/repository/org/junit/jupiter/junit-jupiter-api/5.9.3/junit-jupiter-api-5.9.3.jar:/home/fedora/.m2/repository/org/opentest4j/opentest4j/1.2.0/opentest4j-1.2.0.jar:/home/fedora/.m2/repository/org/junit/platform/junit-platform-commons/1.9.3/junit-platform-commons-1.9.3.jar:/home/fedora/.m2/repository/org/apiguardian/apiguardian-api/1.1.2/apiguardian-api-1.1.2.jar:/home/fedora/.m2/repository/org/junit/jupiter/junit-jupiter-params/5.9.3/junit-jupiter-params-5.9.3.jar:/home/fedora/.m2/repository/org/junit/jupiter/junit-jupiter-engine/5.9.3/junit-jupiter-engine-5.9.3.jar:/home/fedora/.m2/repository/org/junit/platform/junit-platform-engine/1.9.3/junit-platform-engine-1.9.3.jar:/home/fedora/.m2/repository/org/mockito/mockito-core/5.3.1/mockito-core-5.3.1.jar:/home/fedora/.m2/repository/net/bytebuddy/byte-buddy-agent/1.14.6/byte-buddy-agent-1.14.6.jar:/home/fedora/.m2/repository/org/objenesis/objenesis/3.3/objenesis-3.3.jar:/home/fedora/.m2/repository/org/mockito/mockito-junit-jupiter/5.3.1/mockito-junit-jupiter-5.3.1.jar:/home/fedora/.m2/repository/org/skyscreamer/jsonassert/1.5.1/jsonassert-1.5.1.jar:/home/fedora/.m2/repository/com/vaadin/external/google/android-json/0.0.20131108.vaadin1/android-json-0.0.20131108.vaadin1.jar:/home/fedora/.m2/repository/org/springframework/spring-core/6.0.11/spring-core-6.0.11.jar:/home/fedora/.m2/repository/org/springframework/spring-jcl/6.0.11/spring-jcl-6.0.11.jar:/home/fedora/.m2/repository/org/springframework/spring-test/6.0.11/spring-test-6.0.11.jar:/home/fedora/.m2/repository/org/xmlunit/xmlunit-core/2.9.1/xmlunit-core-2.9.1.jar:/home/fedora/.m2/repository/org/springframework/spring-messaging/6.0.11/spring-messaging-6.0.11.jar:/home/fedora/.m2/repository/org/springframework/spring-beans/6.0.11/spring-beans-6.0.11.jar:/home/fedora/.m2/repository/org/springframework/spring-websocket/6.0.11/spring-websocket-6.0.11.jar:/home/fedora/.m2/repository/org/springframework/spring-context/6.0.11/spring-context-6.0.11.jar:"/>
    <property name="sun.cpu.endian" value="little"/>
    <property name="user.home" value="/home/fedora"/>
    <property name="user.language" value="en"/>
    <property name="java.specification.vendor" value="Oracle Corporation"/>
    <property name="java.version.date" value="2023-04-18"/>
    <property name="java.home" value="/home/fedora/.jdks/corretto-17.0.7"/>
    <property name="file.separator" value="/"/>
    <property name="basedir" value="/home/fedora/Studies/inżynierka/SOEZ"/>
    <property name="java.vm.compressedOopsMode" value="32-bit"/>
    <property name="line.separator" value="&#10;"/>
    <property name="java.specification.name" value="Java Platform API Specification"/>
    <property name="java.vm.specification.vendor" value="Oracle Corporation"/>
    <property name="FILE_LOG_CHARSET" value="UTF-8"/>
    <property name="java.awt.headless" value="true"/>
    <property name="surefire.real.class.path" value="/home/fedora/Studies/inżynierka/SOEZ/target/surefire/surefirebooter-20240702160426736_3.jar"/>
    <property name="sun.management.compiler" value="HotSpot 64-Bit Tiered Compilers"/>
    <property name="java.runtime.version" value="17.0.7+7-LTS"/>
    <property name="user.name" value="fedora"/>
    <property name="path.separator" value=":"/>
    <property name="os.version" value="6.8.8-100.fc38.x86_64"/>
    <property name="java.runtime.name" value="OpenJDK Runtime Environment"/>
    <property name="file.encoding" value="UTF-8"/>
    <property name="java.vm.name" value="OpenJDK 64-Bit Server VM"/>
    <property name="java.vendor.version" value="Corretto-17.0.7.7.1"/>
    <property name="localRepository" value="/home/fedora/.m2/repository"/>
    <property name="java.vendor.url.bug" value="https://github.com/corretto/corretto-17/issues/"/>
    <property name="java.io.tmpdir" value="/tmp"/>
    <property name="idea.version" value="2023.2.2"/>
    <property name="com.zaxxer.hikari.pool_number" value="1"/>
    <property name="java.version" value="17.0.7"/>
    <property name="user.dir" value="/home/fedora/Studies/inżynierka/SOEZ"/>
    <property name="os.arch" value="amd64"/>
    <property name="java.vm.specification.name" value="Java Virtual Machine Specification"/>
    <property name="PID" value="11510"/>
    <property name="CONSOLE_LOG_CHARSET" value="UTF-8"/>
    <property name="native.encoding" value="UTF-8"/>
    <property name="java.library.path" value="/usr/java/packages/lib:/usr/lib64:/lib64:/lib:/usr/lib"/>
    <property name="java.vm.info" value="mixed mode, sharing"/>
    <property name="java.vendor" value="Amazon.com Inc."/>
    <property name="java.vm.version" value="17.0.7+7-LTS"/>
    <property name="sun.io.unicode.encoding" value="UnicodeLittle"/>
    <property name="java.class.version" value="61.0"/>
  </properties>
  <testcase name="contextLoads" classname="com.soeztrip.travelplanner.SoezTripApplicationTests" time="2.397">
    <system-out><![CDATA[Standard Commons Logging discovery in action with spring-jcl: please remove commons-logging.jar from classpath in order to avoid potential conflicts
16:04:31.242 [main] INFO org.springframework.test.context.support.AnnotationConfigContextLoaderUtils -- Could not detect default configuration classes for test class [com.soeztrip.travelplanner.SoezTripApplicationTests]: SoezTripApplicationTests does not declare any static, non-private, non-final, nested classes annotated with @Configuration.
16:04:31.996 [main] INFO org.springframework.boot.test.context.SpringBootTestContextBootstrapper -- Found @SpringBootConfiguration com.soeztrip.travelplanner.SoezTripApplication for test class com.soeztrip.travelplanner.SoezTripApplicationTests

  .   ____          _            __ _ _
 /\\ / ___'_ __ _ _(_)_ __  __ _ \ \ \ \
( ( )\___ | '_ | '_| | '_ \/ _` | \ \ \ \
 \\/  ___)| |_)| | | | | || (_| |  ) ) ) )
  '  |____| .__|_| |_|_| |_\__, | / / / /
 =========|_|==============|___/=/_/_/_/
 :: Spring Boot ::                (v3.1.3)

2024-07-02T16:04:34.521+02:00  INFO 11510 --- [           main] c.s.t.SoezTripApplicationTests           : Starting SoezTripApplicationTests using Java 17.0.7 with PID 11510 (started by fedora in /home/fedora/Studies/inżynierka/SOEZ)
2024-07-02T16:04:34.530+02:00  INFO 11510 --- [           main] c.s.t.SoezTripApplicationTests           : No active profile set, falling back to 1 default profile: "default"
2024-07-02T16:04:38.664+02:00  INFO 11510 --- [           main] .s.d.r.c.RepositoryConfigurationDelegate : Bootstrapping Spring Data JPA repositories in DEFAULT mode.
2024-07-02T16:04:39.461+02:00  INFO 11510 --- [           main] .s.d.r.c.RepositoryConfigurationDelegate : Finished Spring Data repository scanning in 716 ms. Found 9 JPA repository interfaces.
2024-07-02T16:04:42.878+02:00  INFO 11510 --- [           main] o.hibernate.jpa.internal.util.LogHelper  : HHH000204: Processing PersistenceUnitInfo [name: default]
2024-07-02T16:04:43.182+02:00  INFO 11510 --- [           main] org.hibernate.Version                    : HHH000412: Hibernate ORM core version 6.2.7.Final
2024-07-02T16:04:43.201+02:00  INFO 11510 --- [           main] org.hibernate.cfg.Environment            : HHH000406: Using bytecode reflection optimizer
2024-07-02T16:04:43.746+02:00  INFO 11510 --- [           main] o.h.b.i.BytecodeProviderInitiator        : HHH000021: Bytecode provider name : bytebuddy
2024-07-02T16:04:44.599+02:00  INFO 11510 --- [           main] o.s.o.j.p.SpringPersistenceUnitInfo      : No LoadTimeWeaver setup: ignoring JPA class transformer
2024-07-02T16:04:44.713+02:00  INFO 11510 --- [           main] com.zaxxer.hikari.HikariDataSource       : HikariPool-1 - Starting...
2024-07-02T16:04:45.771+02:00  INFO 11510 --- [           main] com.zaxxer.hikari.pool.HikariPool        : HikariPool-1 - Added connection org.postgresql.jdbc.PgConnection@69eb544f
2024-07-02T16:04:45.779+02:00  INFO 11510 --- [           main] com.zaxxer.hikari.HikariDataSource       : HikariPool-1 - Start completed.
2024-07-02T16:04:47.276+02:00  INFO 11510 --- [           main] o.h.b.i.BytecodeProviderInitiator        : HHH000021: Bytecode provider name : bytebuddy
2024-07-02T16:04:52.060+02:00  INFO 11510 --- [           main] o.h.e.t.j.p.i.JtaPlatformInitiator       : HHH000490: Using JtaPlatform implementation: [org.hibernate.engine.transaction.jta.platform.internal.NoJtaPlatform]
Hibernate: 
    create table chat_room (
        id bigserial not null,
        trip_id bigint,
        primary key (id)
    )
Hibernate: 
    create table chatroom_user (
        chatroom_id bigint not null,
        user_id bigint not null
    )
Hibernate: 
    create table friendship (
        user_id bigint not null,
        friend_id bigint not null,
        primary key (user_id, friend_id)
    )
Hibernate: 
    create table message (
        id bigserial not null,
        content varchar(255),
        timestamp timestamp(6),
        chatroom_id bigint,
        user_id bigint,
        primary key (id)
    )
Hibernate: 
    create table places (
        id bigserial not null,
        arrive timestamp(6),
        country varchar(255),
        leave timestamp(6),
        name varchar(255),
        photo_file_path varchar(255),
        prompt varchar(2048),
        trip_id bigint,
        primary key (id)
    )
Hibernate: 
    create table roles (
        id bigserial not null,
        name varchar(255),
        primary key (id)
    )
Hibernate: 
    create table tickets (
        id bigserial not null,
        name varchar(255),
        ticket_path varchar(255),
        place_id bigint,
        primary key (id)
    )
Hibernate: 
    create table trip_roles (
        id bigserial not null,
        name varchar(255),
        primary key (id)
    )
Hibernate: 
    create table trips (
        id bigserial not null,
        ending_date timestamp(6),
        photo_file_path varchar(255),
        starting_date timestamp(6),
        title varchar(255),
        primary key (id)
    )
Hibernate: 
    create table user_role (
        user_id bigint not null,
        role_id bigint not null
    )
Hibernate: 
    create table user_trip (
        id bigserial not null,
        trip_id bigint,
        trip_role_id bigint,
        user_id bigint,
        primary key (id)
    )
Hibernate: 
    create table users (
        id bigserial not null,
        email varchar(255) not null,
        first_name varchar(255) not null,
        last_name varchar(255) not null,
        password varchar(255) not null,
        profile_picture_path varchar(255),
        primary key (id)
    )
Hibernate: 
    alter table if exists chat_room 
       drop constraint if exists UK_231f9vnmil9ivsj6bybqjv64l
2024-07-02T16:04:52.569+02:00  WARN 11510 --- [           main] o.h.engine.jdbc.spi.SqlExceptionHelper   : SQL Warning Code: 0, SQLState: 00000
2024-07-02T16:04:52.573+02:00  WARN 11510 --- [           main] o.h.engine.jdbc.spi.SqlExceptionHelper   : constraint "uk_231f9vnmil9ivsj6bybqjv64l" of relation "chat_room" does not exist, skipping
Hibernate: 
    alter table if exists chat_room 
       add constraint UK_231f9vnmil9ivsj6bybqjv64l unique (trip_id)
Hibernate: 
    alter table if exists users 
       drop constraint if exists UK_6dotkott2kjsp8vw4d0m25fb7
2024-07-02T16:04:52.594+02:00  WARN 11510 --- [           main] o.h.engine.jdbc.spi.SqlExceptionHelper   : SQL Warning Code: 0, SQLState: 00000
2024-07-02T16:04:52.595+02:00  WARN 11510 --- [           main] o.h.engine.jdbc.spi.SqlExceptionHelper   : constraint "uk_6dotkott2kjsp8vw4d0m25fb7" of relation "users" does not exist, skipping
Hibernate: 
    alter table if exists users 
       add constraint UK_6dotkott2kjsp8vw4d0m25fb7 unique (email)
Hibernate: 
    alter table if exists chat_room 
       add constraint FKlvx37lvvbnm7sscvr1622nit6 
       foreign key (trip_id) 
       references trips
Hibernate: 
    alter table if exists chatroom_user 
       add constraint FKdqpso02e5x4lu8q8q7xhjayxo 
       foreign key (user_id) 
       references users
Hibernate: 
    alter table if exists chatroom_user 
       add constraint FKlcn4up6yj6q5nbpn04piay6dd 
       foreign key (chatroom_id) 
       references chat_room
Hibernate: 
    alter table if exists friendship 
       add constraint FK3xu72n4ht9qij4qc7wdpb2whd 
       foreign key (friend_id) 
       references users
Hibernate: 
    alter table if exists friendship 
       add constraint FKgc658l9wcttfpk0c1d3englh9 
       foreign key (user_id) 
       references users
Hibernate: 
    alter table if exists message 
       add constraint FK3dp0e0jr98c8rye4whnei24j 
       foreign key (chatroom_id) 
       references chat_room
Hibernate: 
    alter table if exists message 
       add constraint FKpdrb79dg3bgym7pydlf9k3p1n 
       foreign key (user_id) 
       references users
Hibernate: 
    alter table if exists places 
       add constraint FKiw9dd5x8tlemjr65fyhot0c1r 
       foreign key (trip_id) 
       references trips
Hibernate: 
    alter table if exists tickets 
       add constraint FKkbj4fh17k1k5ppc5byjkjyeko 
       foreign key (place_id) 
       references places
Hibernate: 
    alter table if exists user_role 
       add constraint FKt7e7djp752sqn6w22i6ocqy6q 
       foreign key (role_id) 
       references roles
Hibernate: 
    alter table if exists user_role 
       add constraint FKj345gk1bovqvfame88rcx7yyx 
       foreign key (user_id) 
       references users
Hibernate: 
    alter table if exists user_trip 
       add constraint FKliodtufgtfm3hf1dtws2lom3y 
       foreign key (trip_id) 
       references trips
Hibernate: 
    alter table if exists user_trip 
       add constraint FKiq64pacm41a0l26vc2epohj5x 
       foreign key (trip_role_id) 
       references trip_roles
Hibernate: 
    alter table if exists user_trip 
       add constraint FK7w99k75tg6awr7v85tdc1kli0 
       foreign key (user_id) 
       references users
2024-07-02T16:04:52.771+02:00  INFO 11510 --- [           main] j.LocalContainerEntityManagerFactoryBean : Initialized JPA EntityManagerFactory for persistence unit 'default'
2024-07-02T16:04:54.390+02:00  INFO 11510 --- [           main] o.s.d.j.r.query.QueryEnhancerFactory     : Hibernate is in classpath; If applicable, HQL parser will be used.
2024-07-02T16:04:58.598+02:00  WARN 11510 --- [           main] JpaBaseConfiguration$JpaWebConfiguration : spring.jpa.open-in-view is enabled by default. Therefore, database queries may be performed during view rendering. Explicitly configure spring.jpa.open-in-view to disable this warning
2024-07-02T16:04:59.321+02:00  INFO 11510 --- [           main] o.s.s.web.DefaultSecurityFilterChain     : Will secure any request with [org.springframework.security.web.session.DisableEncodeUrlFilter@1a524c6b, org.springframework.security.web.context.request.async.WebAsyncManagerIntegrationFilter@2408ca4c, org.springframework.security.web.context.SecurityContextHolderFilter@5b7e2a88, org.springframework.security.web.header.HeaderWriterFilter@3dc976da, org.springframework.security.web.authentication.logout.LogoutFilter@7ae5f795, com.soeztrip.travelplanner.security.JWTAuthenticationFilter@1c8e4810, org.springframework.security.web.authentication.www.BasicAuthenticationFilter@7a68818c, org.springframework.security.web.savedrequest.RequestCacheAwareFilter@7fac3ce0, org.springframework.security.web.servletapi.SecurityContextHolderAwareRequestFilter@441a2d52, org.springframework.security.web.authentication.AnonymousAuthenticationFilter@2f7e2481, org.springframework.security.web.session.SessionManagementFilter@78395e28, org.springframework.security.web.access.ExceptionTranslationFilter@72e806, org.springframework.security.web.access.intercept.AuthorizationFilter@280d20fb]
2024-07-02T16:05:01.575+02:00  WARN 11510 --- [           main] ion$DefaultTemplateResolverConfiguration : Cannot find template location: classpath:/templates/ (please add some templates, check your Thymeleaf configuration, or set spring.thymeleaf.check-template-location=false)
2024-07-02T16:05:01.864+02:00  INFO 11510 --- [           main] o.s.m.s.b.SimpleBrokerMessageHandler     : Starting...
2024-07-02T16:05:01.870+02:00  INFO 11510 --- [           main] o.s.m.s.b.SimpleBrokerMessageHandler     : BrokerAvailabilityEvent[available=true, SimpleBrokerMessageHandler [org.springframework.messaging.simp.broker.DefaultSubscriptionRegistry@107ac2b6]]
2024-07-02T16:05:01.878+02:00  INFO 11510 --- [           main] o.s.m.s.b.SimpleBrokerMessageHandler     : Started.
2024-07-02T16:05:01.925+02:00  INFO 11510 --- [           main] c.s.t.SoezTripApplicationTests           : Started SoezTripApplicationTests in 29.264 seconds (process running for 34.968)
]]></system-out>
  </testcase>
</testsuite>